[2026-03-05 13:46:08] [INFO] [admin] [AuthController] Giriş başarılı - {"user_id": 1, "employee": "System Admin"}
[2026-03-05 13:46:36] [INFO] [admin] [ProductController] Ürün resmi silindi - {"image_id": 1, "product_id": 1, "variant_id": null}
[2026-03-05 13:46:37] [INFO] [admin] [ProductController] Ürün resmi silindi - {"image_id": 2, "product_id": 1, "variant_id": null}
[2026-03-05 13:46:37] [INFO] [admin] [ProductController] Ürün resmi silindi - {"image_id": 3, "product_id": 1, "variant_id": null}
[2026-03-05 13:46:38] [INFO] [admin] [ProductController] Ürün resmi silindi - {"image_id": 4, "product_id": 1, "variant_id": null}
[2026-03-05 13:46:57] [INFO] [admin] [ProductController] Ürün resmi eklendi - {"product_id": 1, "variant_id": null, "image_path": "C:/Users/murat/OneDrive/Desktop/IMG_6889.JPG"}
[2026-03-05 13:47:01] [INFO] [admin] [ProductController] Ürün resmi eklendi - {"product_id": 1, "variant_id": null, "image_path": "C:/Users/murat/OneDrive/Desktop/Hi_2ea4baac-3631-4ff7-851d-7638e19658e2.png"}
[2026-03-05 13:47:41] [INFO] [admin] [AuthController] Giriş başarılı - {"user_id": 1, "employee": "System Admin"}
[2026-03-05 13:48:50] [INFO] [admin] [AuthController] Giriş başarılı - {"user_id": 1, "employee": "System Admin"}
[2026-03-05 13:48:55] [INFO] [admin] [VariantTypeController] Varyant tipi eklendi - {"type_id": 1, "name": "Renk"}
[2026-03-05 13:49:01] [INFO] [admin] [VariantTypeController] Varyant değeri eklendi - {"value_id": 1, "type_id": 1, "value": "Kırmızı"}
[2026-03-05 13:49:05] [INFO] [admin] [VariantTypeController] Varyant değeri eklendi - {"value_id": 2, "type_id": 1, "value": "Mavi"}
[2026-03-05 13:49:10] [INFO] [admin] [VariantTypeController] Varyant tipi eklendi - {"type_id": 2, "name": "Beden"}
[2026-03-05 13:49:13] [INFO] [admin] [VariantTypeController] Varyant değeri eklendi - {"value_id": 3, "type_id": 2, "value": "L"}
[2026-03-05 13:49:16] [INFO] [admin] [VariantTypeController] Varyant değeri eklendi - {"value_id": 4, "type_id": 2, "value": "XL"}
[2026-03-05 13:51:14] [INFO] [admin] [AuthController] Giriş başarılı - {"user_id": 1, "employee": "System Admin"}
[2026-03-05 13:51:42] [INFO] [admin] [ProductController] Varyant eklendi - {"variant_id": 1, "product_id": 1, "sku": "DENEME01", "barcode": "154165131", "attributes": [1, 3]}
[2026-03-05 13:53:02] [INFO] [admin] [AuthController] Giriş başarılı - {"user_id": 1, "employee": "System Admin"}
[2026-03-05 13:53:14] [INFO] [admin] [ProductController] Ürün resmi eklendi - {"product_id": 1, "variant_id": 1, "image_path": "C:/Users/murat/OneDrive/Desktop/Yapay Zeka Düzeltme Çalışmaları/BarcodeProgramma/Adsız.png"}
[2026-03-05 13:53:21] [INFO] [admin] [ProductController] Ürün resmi eklendi - {"product_id": 1, "variant_id": 1, "image_path": "C:/Users/murat/OneDrive/Desktop/418046592_751581650179091_371618576647976079_n.jpg"}
[2026-03-05 13:54:06] [INFO] [admin] [ProductController] Varyant eklendi - {"variant_id": 2, "product_id": 1, "sku": "DENEME02", "barcode": "5456423616132", "attributes": [2, 3]}
[2026-03-05 13:54:17] [INFO] [admin] [ProductController] Ürün resmi eklendi - {"product_id": 1, "variant_id": 2, "image_path": "C:/Users/murat/OneDrive/Desktop/png-clipart-sales-clothing-shopping-fashion-10-sale-off-10-text-text-trademark-thumbnail.png"}
[2026-03-05 13:54:20] [INFO] [admin] [ProductController] Ürün resmi eklendi - {"product_id": 1, "variant_id": 2, "image_path": "C:/Users/murat/OneDrive/Desktop/1280px-Henkel-Logo.svg.png"}
[2026-03-05 13:54:36] [INFO] [admin] [ProductController] Ürün güncellendi - {"product_id": 1, "updated_fields": ["name", "description", "sale_unit", "brand_ID", "supplier_ID", "is_active", "main_category_ID", "extra_category_IDs"]}
[2026-03-05 13:59:08] [INFO] [admin] [AuthController] Giriş başarılı - {"user_id": 1, "employee": "System Admin"}
[2026-03-05 14:05:27] [WARNING] [system] [AuthController] Başarısız giriş - kullanıcı bulunamadı - {"username": "ADMİN"}
[2026-03-05 14:05:31] [INFO] [admin] [AuthController] Giriş başarılı - {"user_id": 1, "employee": "System Admin"}
[2026-03-05 14:05:47] [INFO] [admin] [ProductController] Ürün resmi silindi - {"image_id": 6, "product_id": 1, "variant_id": null}
[2026-03-05 14:08:56] [INFO] [admin] [AuthController] Giriş başarılı - {"user_id": 1, "employee": "System Admin"}
[2026-03-05 14:16:27] [INFO] [admin] [AuthController] Giriş başarılı - {"user_id": 1, "employee": "System Admin"}
[2026-03-05 14:22:28] [INFO] [admin] [AuthController] Giriş başarılı - {"user_id": 1, "employee": "System Admin"}
[2026-03-05 14:22:37] [INFO] [admin] [LocationController] Lokasyon eklendi - {"location_id": 1, "name": "Mağaza", "parent_id": null}
[2026-03-05 14:22:43] [INFO] [admin] [LocationController] Lokasyon eklendi - {"location_id": 2, "name": "Sol Giriş Rafı", "parent_id": 1}
[2026-03-05 14:22:47] [INFO] [admin] [LocationController] Lokasyon eklendi - {"location_id": 3, "name": "Sağ Raf", "parent_id": 1}
[2026-03-05 14:27:03] [INFO] [admin] [StockController] Stok düzeltmesi yapıldı - {"movement_id": 1, "variant_id": 1, "sku": "DENEME01", "location_id": 1, "location_name": "Mağaza", "old_quantity": 0, "new_quantity": 13, "difference": 13}
[2026-03-05 14:29:26] [INFO] [admin] [AuthController] Giriş başarılı - {"user_id": 1, "employee": "System Admin"}
[2026-03-05 14:30:17] [INFO] [admin] [StockController] Stok girişi yapıldı - {"movement_id": 2, "variant_id": 2, "sku": "DENEME02", "location_id": 1, "location_name": "Mağaza", "quantity": 5, "new_total": 5}
[2026-03-05 14:30:35] [INFO] [admin] [StockController] Stok çıkışı yapıldı - {"movement_id": 3, "variant_id": 2, "sku": "DENEME02", "location_id": 1, "location_name": "Mağaza", "quantity": 1, "remaining": 4}
[2026-03-05 14:30:58] [INFO] [admin] [StockController] Stok transferi yapıldı - {"movement_id": 4, "variant_id": 2, "sku": "DENEME02", "from": "Mağaza", "to": "Sol Giriş Rafı", "quantity": 2}
[2026-03-05 14:36:15] [INFO] [admin] [AuthController] Giriş başarılı - {"user_id": 1, "employee": "System Admin"}
[2026-03-05 14:39:14] [INFO] [admin] [AuthController] Giriş başarılı - {"user_id": 1, "employee": "System Admin"}
[2026-03-05 14:55:40] [INFO] [admin] [AuthController] Giriş başarılı - {"user_id": 1, "employee": "System Admin"}
[2026-03-05 14:56:08] [INFO] [admin] [ProductController] Ürün güncellendi - {"product_id": 1, "updated_fields": ["name", "description", "sale_unit", "brand_ID", "supplier_ID", "is_active", "main_category_ID", "extra_category_IDs"]}
[2026-03-05 14:56:29] [INFO] [admin] [AuthController] Giriş başarılı - {"user_id": 1, "employee": "System Admin"}
[2026-03-05 14:57:20] [INFO] [admin] [ProductController] Ürün eklendi - {"product_id": 2, "name": "Deneme Ürünü (Kopya)"}
[2026-03-05 15:06:17] [INFO] [admin] [AuthController] Giriş başarılı - {"user_id": 1, "employee": "System Admin"}
[2026-03-05 15:06:23] [INFO] [admin] [ProductController] Ürün silindi - {"product_id": 2, "name": "Deneme Ürünü (Kopya)"}
[2026-03-05 15:13:31] [INFO] [admin] [AuthController] Giriş başarılı - {"user_id": 1, "employee": "System Admin"}
[2026-03-05 15:36:49] [INFO] [admin] [AuthController] Giriş başarılı - {"user_id": 1, "employee": "System Admin"}
[2026-03-05 15:37:17] [INFO] [admin] [CategoryController] Kategori eklendi - {"category_id": 5, "name": "Sofra&Mutfak", "parent_id": null}
[2026-03-05 15:37:28] [INFO] [admin] [ProductController] Ürün güncellendi - {"product_id": 1, "updated_fields": ["name", "description", "sale_unit", "brand_ID", "supplier_ID", "is_active", "main_category_ID", "extra_category_IDs"]}
[2026-03-05 15:38:27] [INFO] [admin] [CustomerController] Müşteri eklendi - {"customer_id": 1, "name": "Murat Salih Güçlü"}
[2026-03-05 15:43:30] [INFO] [admin] [AuthController] Giriş başarılı - {"user_id": 1, "employee": "System Admin"}
[2026-03-05 15:44:16] [INFO] [admin] [EmployeeController] Çalışan eklendi - {"employee_id": 2, "employee_code": "EMP001", "name": "Murat Salih Güçlü"}
[2026-03-05 15:44:42] [INFO] [admin] [AuthController] Yeni kullanıcı oluşturuldu - {"user_id": 2, "username": "mrtslhgcl", "employee_id": 2}
[2026-03-05 15:45:17] [WARNING] [system] [AuthController] Başarısız giriş - şifre hatalı - {"username": "mrtslhgcl"}
[2026-03-05 15:45:19] [INFO] [mrtslhgcl] [AuthController] Giriş başarılı - {"user_id": 2, "employee": "Murat Salih Güçlü"}
[2026-03-05 15:52:11] [INFO] [admin] [AuthController] Giriş başarılı - {"user_id": 1, "employee": "System Admin"}
[2026-03-05 15:53:41] [INFO] [admin] [StockController] Stok çıkışı yapıldı - {"movement_id": 5, "variant_id": 2, "sku": "DENEME02", "location_id": 1, "location_name": "Mağaza", "quantity": 1, "remaining": 1}
[2026-03-05 15:53:41] [INFO] [admin] [StockController] Stok çıkışı yapıldı - {"movement_id": 6, "variant_id": 1, "sku": "DENEME01", "location_id": 1, "location_name": "Mağaza", "quantity": 13, "remaining": 0}
[2026-03-05 15:53:41] [INFO] [admin] [OrderController] Sipariş oluşturuldu - {"order_id": 1, "customer_id": 1, "item_count": 2, "total_amount": 28000.0}
[2026-03-05 15:54:36] [INFO] [admin] [OrderController] Sipariş durumu güncellendi - {"order_id": 1, "old_status": "pending", "new_status": "confirmed"}
[2026-03-05 15:54:39] [INFO] [admin] [OrderController] Sipariş durumu güncellendi - {"order_id": 1, "old_status": "confirmed", "new_status": "preparing"}
[2026-03-05 15:54:41] [INFO] [admin] [OrderController] Sipariş durumu güncellendi - {"order_id": 1, "old_status": "preparing", "new_status": "shipped"}
[2026-03-05 15:54:43] [INFO] [admin] [OrderController] Sipariş durumu güncellendi - {"order_id": 1, "old_status": "shipped", "new_status": "delivered"}
[2026-03-05 15:54:46] [INFO] [admin] [OrderController] Sipariş durumu güncellendi - {"order_id": 1, "old_status": "delivered", "new_status": "completed"}
[2026-03-05 15:56:38] [INFO] [admin] [OrderController] Sipariş oluşturuldu - {"order_id": 2, "customer_id": 0, "item_count": 1, "total_amount": 18000.0}
[2026-03-05 16:01:54] [INFO] [admin] [OrderController] Ödeme alındı - {"payment_id": 1, "order_id": 2, "method": "cash", "amount": 7000.0}
[2026-03-05 16:02:02] [INFO] [admin] [OrderController] Ödeme alındı - {"payment_id": 2, "order_id": 1, "method": "cash", "amount": 28000.0}
[2026-03-05 16:02:35] [INFO] [admin] [OrderController] Sipariş durumu güncellendi - {"order_id": 2, "old_status": "pending", "new_status": "cancelled"}
[2026-03-05 16:15:43] [INFO] [admin] [AuthController] Giriş başarılı - {"user_id": 1, "employee": "System Admin"}
[2026-03-05 16:32:21] [INFO] [admin] [AuthController] Giriş başarılı - {"user_id": 1, "employee": "System Admin"}
[2026-03-05 16:33:12] [INFO] [admin] [AuthController] Giriş başarılı - {"user_id": 1, "employee": "System Admin"}
[2026-03-05 16:33:36] [INFO] [admin] [StockController] Stok girişi yapıldı - {"movement_id": 7, "variant_id": 1, "sku": "DENEME01", "location_id": 1, "location_name": "Mağaza", "quantity": 20, "new_total": 20}
[2026-03-05 16:33:52] [INFO] [admin] [StockController] Stok girişi yapıldı - {"movement_id": 8, "variant_id": 2, "sku": "DENEME02", "location_id": 1, "location_name": "Mağaza", "quantity": 15, "new_total": 16}
[2026-03-05 16:35:01] [INFO] [admin] [StockController] Stok çıkışı yapıldı - {"movement_id": 9, "variant_id": 1, "sku": "DENEME01", "location_id": 1, "location_name": "Mağaza", "quantity": 7, "remaining": 13}
[2026-03-05 16:35:01] [INFO] [admin] [StockController] Stok çıkışı yapıldı - {"movement_id": 10, "variant_id": 2, "sku": "DENEME02", "location_id": 1, "location_name": "Mağaza", "quantity": 10, "remaining": 6}
[2026-03-05 16:35:01] [INFO] [admin] [OrderController] Sipariş oluşturuldu - {"order_id": 3, "customer_id": 0, "item_count": 2, "total_amount": 34000.0}
[2026-03-05 16:35:43] [INFO] [admin] [StockController] Stok girişi yapıldı - {"movement_id": 11, "variant_id": 2, "sku": "DENEME02", "location_id": 1, "location_name": "Mağaza", "quantity": 10, "new_total": 16}
[2026-03-05 16:35:43] [INFO] [admin] [OrderController] Sipariş kalemi silindi - {"order_item_id": 5, "order_id": 3}
[2026-03-05 16:36:23] [INFO] [admin] [OrderController] Sipariş durumu güncellendi - {"order_id": 3, "old_status": "pending", "new_status": "completed"}
[2026-03-05 16:36:32] [INFO] [admin] [OrderController] Sipariş durumu güncellendi - {"order_id": 3, "old_status": "completed", "new_status": "pending"}
[2026-03-05 16:39:27] [INFO] [admin] [OrderController] Sipariş durumu güncellendi - {"order_id": 1, "old_status": "completed", "new_status": "cancelled"}
[2026-03-05 16:39:44] [INFO] [admin] [OrderController] Ödeme alındı - {"payment_id": 3, "order_id": 3, "method": "credit_card", "amount": 5000.0}
[2026-03-05 16:40:02] [INFO] [admin] [OrderController] Ödeme alındı - {"payment_id": 4, "order_id": 3, "method": "bank_transfer", "amount": 4000.0}
[2026-03-05 16:40:07] [INFO] [admin] [OrderController] Sipariş durumu güncellendi - {"order_id": 3, "old_status": "pending", "new_status": "delivered"}
[2026-03-05 16:40:10] [INFO] [admin] [OrderController] Sipariş durumu güncellendi - {"order_id": 3, "old_status": "delivered", "new_status": "completed"}
[2026-03-05 16:45:26] [INFO] [admin] [AuthController] Giriş başarılı - {"user_id": 1, "employee": "System Admin"}
[2026-03-05 16:45:53] [INFO] [admin] [OrderController] Ödeme alındı - {"payment_id": 5, "order_id": 3, "method": "other", "amount": 0.01}
[2026-03-05 16:45:57] [INFO] [admin] [OrderController] Ödeme alındı - {"payment_id": 6, "order_id": 3, "method": "debit_card", "amount": 0.01}
[2026-03-05 16:46:53] [INFO] [admin] [StockController] Stok girişi yapıldı - {"movement_id": 12, "variant_id": 1, "sku": "DENEME01", "location_id": 1, "location_name": "Mağaza", "quantity": 7, "new_total": 20}
[2026-03-05 16:46:53] [INFO] [admin] [OrderController] Sipariş iadesi yapıldı - {"order_id": 3, "refund_price": 14000.0, "total_refund": 14000.0, "reason": "Beğenmedi"}
[2026-03-05 16:47:47] [INFO] [admin] [StockController] Stok çıkışı yapıldı - {"movement_id": 13, "variant_id": 1, "sku": "DENEME01", "location_id": 1, "location_name": "Mağaza", "quantity": 4, "remaining": 16}
[2026-03-05 16:47:47] [INFO] [admin] [StockController] Stok çıkışı yapıldı - {"movement_id": 14, "variant_id": 2, "sku": "DENEME02", "location_id": 1, "location_name": "Mağaza", "quantity": 5, "remaining": 11}
[2026-03-05 16:47:47] [INFO] [admin] [OrderController] Sipariş oluşturuldu - {"order_id": 4, "customer_id": 0, "item_count": 2, "total_amount": 18000.0}
[2026-03-05 16:48:06] [INFO] [admin] [StockController] Stok çıkışı yapıldı - {"movement_id": 15, "variant_id": 1, "sku": "DENEME01", "location_id": 1, "location_name": "Mağaza", "quantity": 1, "remaining": 15}
[2026-03-05 16:48:06] [INFO] [admin] [OrderController] Sipariş kalemi eklendi - {"order_id": 4, "variant_id": 1, "quantity": 1}
[2026-03-05 16:48:09] [INFO] [admin] [StockController] Stok girişi yapıldı - {"movement_id": 16, "variant_id": 1, "sku": "DENEME01", "location_id": 1, "location_name": "Mağaza", "quantity": 1, "new_total": 16}
[2026-03-05 16:48:09] [INFO] [admin] [OrderController] Sipariş kalemi güncellendi - {"order_item_id": 8, "order_id": 4, "removed_qty": 1}
[2026-03-05 16:48:15] [INFO] [admin] [StockController] Stok girişi yapıldı - {"movement_id": 17, "variant_id": 1, "sku": "DENEME01", "location_id": 1, "location_name": "Mağaza", "quantity": 2, "new_total": 18}
[2026-03-05 16:48:15] [INFO] [admin] [OrderController] Sipariş kalemi güncellendi - {"order_item_id": 6, "order_id": 4, "removed_qty": 2}
[2026-03-05 16:53:22] [INFO] [admin] [AuthController] Giriş başarılı - {"user_id": 1, "employee": "System Admin"}
[2026-03-05 16:53:48] [INFO] [admin] [OrderController] Sipariş durumu güncellendi - {"order_id": 3, "old_status": "completed", "new_status": "cancelled"}
[2026-03-05 16:55:08] [INFO] [admin] [AuthController] Giriş başarılı - {"user_id": 1, "employee": "System Admin"}
[2026-03-05 16:55:48] [INFO] [admin] [StockController] Stok çıkışı yapıldı - {"movement_id": 18, "variant_id": 1, "sku": "DENEME01", "location_id": 1, "location_name": "Mağaza", "quantity": 3, "remaining": 15}
[2026-03-05 16:55:48] [INFO] [admin] [StockController] Stok çıkışı yapıldı - {"movement_id": 19, "variant_id": 2, "sku": "DENEME02", "location_id": 1, "location_name": "Mağaza", "quantity": 5, "remaining": 6}
[2026-03-05 16:55:48] [INFO] [admin] [OrderController] Sipariş oluşturuldu - {"order_id": 5, "customer_id": 0, "item_count": 2, "total_amount": 17600.0}
[2026-03-05 16:55:52] [INFO] [admin] [OrderController] Ödeme alındı - {"payment_id": 7, "order_id": 5, "method": "debit_card", "amount": 16000.0}
[2026-03-05 16:59:43] [INFO] [admin] [AuthController] Giriş başarılı - {"user_id": 1, "employee": "System Admin"}
[2026-03-05 17:07:33] [INFO] [admin] [AuthController] Giriş başarılı - {"user_id": 1, "employee": "System Admin"}
[2026-03-05 17:08:15] [INFO] [admin] [StockController] Stok girişi yapıldı - {"movement_id": 20, "variant_id": 2, "sku": "DENEME02", "location_id": 1, "location_name": "Mağaza", "quantity": 2, "new_total": 8}
[2026-03-05 17:08:15] [INFO] [admin] [OrderController] Sipariş kalemi güncellendi - {"order_item_id": 10, "order_id": 5, "removed_qty": 2}
[2026-03-05 17:10:26] [INFO] [admin] [OrderController] Sipariş iadesi yapıldı - {"order_id": 5, "refund_price": 1933.33, "total_refund": 1933.33, "reason": "deneme"}
[2026-03-05 17:16:58] [INFO] [admin] [AuthController] Giriş başarılı - {"user_id": 1, "employee": "System Admin"}
[2026-03-05 17:17:35] [INFO] [admin] [OrderController] Sipariş iptal edildi - {"order_id": 5, "reason": "Kullanıcı tarafından iptal"}
[2026-03-05 17:18:01] [INFO] [admin] [StockController] Stok çıkışı yapıldı - {"movement_id": 21, "variant_id": 1, "sku": "DENEME01", "location_id": 1, "location_name": "Mağaza", "quantity": 2, "remaining": 13}
[2026-03-05 17:18:01] [INFO] [admin] [StockController] Stok çıkışı yapıldı - {"movement_id": 22, "variant_id": 2, "sku": "DENEME02", "location_id": 1, "location_name": "Mağaza", "quantity": 3, "remaining": 5}
[2026-03-05 17:18:01] [INFO] [admin] [OrderController] Sipariş oluşturuldu - {"order_id": 6, "customer_id": 0, "item_count": 2, "total_amount": 10000.0}
[2026-03-05 17:26:54] [INFO] [admin] [AuthController] Giriş başarılı - {"user_id": 1, "employee": "System Admin"}
[2026-03-05 17:27:28] [INFO] [admin] [StockController] Stok girişi yapıldı - {"movement_id": 23, "variant_id": 1, "sku": "DENEME01", "location_id": 1, "location_name": "Mağaza", "quantity": 1, "new_total": 14}
[2026-03-05 17:27:29] [INFO] [admin] [StockController] Stok girişi yapıldı - {"movement_id": 24, "variant_id": 1, "sku": "DENEME01", "location_id": 1, "location_name": "Mağaza", "quantity": 1, "new_total": 15}
[2026-03-05 17:27:30] [INFO] [admin] [StockController] Stok girişi yapıldı - {"movement_id": 25, "variant_id": 1, "sku": "DENEME01", "location_id": 1, "location_name": "Mağaza", "quantity": 1, "new_total": 16}
[2026-03-05 17:27:30] [INFO] [admin] [StockController] Stok girişi yapıldı - {"movement_id": 26, "variant_id": 1, "sku": "DENEME01", "location_id": 1, "location_name": "Mağaza", "quantity": 1, "new_total": 17}
[2026-03-05 17:27:31] [INFO] [admin] [StockController] Stok girişi yapıldı - {"movement_id": 27, "variant_id": 1, "sku": "DENEME01", "location_id": 1, "location_name": "Mağaza", "quantity": 1, "new_total": 18}
[2026-03-05 17:27:32] [INFO] [admin] [StockController] Stok girişi yapıldı - {"movement_id": 28, "variant_id": 1, "sku": "DENEME01", "location_id": 1, "location_name": "Mağaza", "quantity": 1, "new_total": 19}
[2026-03-05 17:27:32] [INFO] [admin] [StockController] Stok girişi yapıldı - {"movement_id": 29, "variant_id": 1, "sku": "DENEME01", "location_id": 1, "location_name": "Mağaza", "quantity": 1, "new_total": 20}
[2026-03-05 17:27:32] [INFO] [admin] [StockController] Stok girişi yapıldı - {"movement_id": 30, "variant_id": 1, "sku": "DENEME01", "location_id": 1, "location_name": "Mağaza", "quantity": 1, "new_total": 21}
[2026-03-05 17:27:33] [INFO] [admin] [StockController] Stok girişi yapıldı - {"movement_id": 31, "variant_id": 1, "sku": "DENEME01", "location_id": 1, "location_name": "Mağaza", "quantity": 1, "new_total": 22}
[2026-03-05 17:27:33] [INFO] [admin] [StockController] Stok girişi yapıldı - {"movement_id": 32, "variant_id": 1, "sku": "DENEME01", "location_id": 1, "location_name": "Mağaza", "quantity": 1, "new_total": 23}
[2026-03-05 17:27:33] [INFO] [admin] [StockController] Stok girişi yapıldı - {"movement_id": 33, "variant_id": 1, "sku": "DENEME01", "location_id": 1, "location_name": "Mağaza", "quantity": 1, "new_total": 24}
[2026-03-05 17:27:34] [INFO] [admin] [StockController] Stok girişi yapıldı - {"movement_id": 34, "variant_id": 1, "sku": "DENEME01", "location_id": 1, "location_name": "Mağaza", "quantity": 1, "new_total": 25}
[2026-03-05 17:27:34] [INFO] [admin] [StockController] Stok girişi yapıldı - {"movement_id": 35, "variant_id": 1, "sku": "DENEME01", "location_id": 1, "location_name": "Mağaza", "quantity": 1, "new_total": 26}
[2026-03-05 17:27:35] [INFO] [admin] [StockController] Stok girişi yapıldı - {"movement_id": 36, "variant_id": 1, "sku": "DENEME01", "location_id": 1, "location_name": "Mağaza", "quantity": 1, "new_total": 27}
[2026-03-05 17:27:35] [INFO] [admin] [StockController] Stok girişi yapıldı - {"movement_id": 37, "variant_id": 1, "sku": "DENEME01", "location_id": 1, "location_name": "Mağaza", "quantity": 1, "new_total": 28}
[2026-03-05 17:27:36] [INFO] [admin] [StockController] Stok girişi yapıldı - {"movement_id": 38, "variant_id": 1, "sku": "DENEME01", "location_id": 1, "location_name": "Mağaza", "quantity": 1, "new_total": 29}
[2026-03-05 17:27:36] [INFO] [admin] [StockController] Stok girişi yapıldı - {"movement_id": 39, "variant_id": 1, "sku": "DENEME01", "location_id": 1, "location_name": "Mağaza", "quantity": 1, "new_total": 30}
[2026-03-05 17:27:37] [INFO] [admin] [StockController] Stok girişi yapıldı - {"movement_id": 40, "variant_id": 1, "sku": "DENEME01", "location_id": 1, "location_name": "Mağaza", "quantity": 1, "new_total": 31}
[2026-03-05 17:27:37] [INFO] [admin] [StockController] Stok girişi yapıldı - {"movement_id": 41, "variant_id": 1, "sku": "DENEME01", "location_id": 1, "location_name": "Mağaza", "quantity": 1, "new_total": 32}
[2026-03-05 17:27:37] [INFO] [admin] [StockController] Stok girişi yapıldı - {"movement_id": 42, "variant_id": 1, "sku": "DENEME01", "location_id": 1, "location_name": "Mağaza", "quantity": 1, "new_total": 33}
[2026-03-05 17:27:38] [INFO] [admin] [StockController] Stok girişi yapıldı - {"movement_id": 43, "variant_id": 1, "sku": "DENEME01", "location_id": 1, "location_name": "Mağaza", "quantity": 1, "new_total": 34}
[2026-03-05 17:27:38] [INFO] [admin] [StockController] Stok girişi yapıldı - {"movement_id": 44, "variant_id": 1, "sku": "DENEME01", "location_id": 1, "location_name": "Mağaza", "quantity": 1, "new_total": 35}
[2026-03-05 17:27:39] [INFO] [admin] [StockController] Stok girişi yapıldı - {"movement_id": 45, "variant_id": 1, "sku": "DENEME01", "location_id": 1, "location_name": "Mağaza", "quantity": 1, "new_total": 36}
[2026-03-05 17:27:39] [INFO] [admin] [StockController] Stok girişi yapıldı - {"movement_id": 46, "variant_id": 1, "sku": "DENEME01", "location_id": 1, "location_name": "Mağaza", "quantity": 1, "new_total": 37}
[2026-03-05 17:27:39] [INFO] [admin] [StockController] Stok girişi yapıldı - {"movement_id": 47, "variant_id": 1, "sku": "DENEME01", "location_id": 1, "location_name": "Mağaza", "quantity": 1, "new_total": 38}
[2026-03-05 17:27:40] [INFO] [admin] [StockController] Stok girişi yapıldı - {"movement_id": 48, "variant_id": 1, "sku": "DENEME01", "location_id": 1, "location_name": "Mağaza", "quantity": 1, "new_total": 39}
[2026-03-05 17:27:40] [INFO] [admin] [StockController] Stok girişi yapıldı - {"movement_id": 49, "variant_id": 1, "sku": "DENEME01", "location_id": 1, "location_name": "Mağaza", "quantity": 1, "new_total": 40}
[2026-03-05 17:27:41] [INFO] [admin] [StockController] Stok girişi yapıldı - {"movement_id": 50, "variant_id": 1, "sku": "DENEME01", "location_id": 1, "location_name": "Mağaza", "quantity": 1, "new_total": 41}
[2026-03-05 17:27:42] [INFO] [admin] [StockController] Stok girişi yapıldı - {"movement_id": 51, "variant_id": 1, "sku": "DENEME01", "location_id": 1, "location_name": "Mağaza", "quantity": 1, "new_total": 42}
[2026-03-05 17:27:42] [INFO] [admin] [StockController] Stok girişi yapıldı - {"movement_id": 52, "variant_id": 1, "sku": "DENEME01", "location_id": 1, "location_name": "Mağaza", "quantity": 1, "new_total": 43}
[2026-03-05 17:27:43] [INFO] [admin] [StockController] Stok girişi yapıldı - {"movement_id": 53, "variant_id": 1, "sku": "DENEME01", "location_id": 1, "location_name": "Mağaza", "quantity": 1, "new_total": 44}
[2026-03-05 17:27:44] [INFO] [admin] [StockController] Stok girişi yapıldı - {"movement_id": 54, "variant_id": 1, "sku": "DENEME01", "location_id": 1, "location_name": "Mağaza", "quantity": 1, "new_total": 45}
[2026-03-05 17:27:44] [INFO] [admin] [StockController] Stok girişi yapıldı - {"movement_id": 55, "variant_id": 1, "sku": "DENEME01", "location_id": 1, "location_name": "Mağaza", "quantity": 1, "new_total": 46}
[2026-03-05 17:27:45] [INFO] [admin] [StockController] Stok girişi yapıldı - {"movement_id": 56, "variant_id": 1, "sku": "DENEME01", "location_id": 1, "location_name": "Mağaza", "quantity": 1, "new_total": 47}
[2026-03-05 17:27:45] [INFO] [admin] [StockController] Stok girişi yapıldı - {"movement_id": 57, "variant_id": 1, "sku": "DENEME01", "location_id": 1, "location_name": "Mağaza", "quantity": 1, "new_total": 48}
[2026-03-05 17:27:45] [INFO] [admin] [StockController] Stok girişi yapıldı - {"movement_id": 58, "variant_id": 1, "sku": "DENEME01", "location_id": 1, "location_name": "Mağaza", "quantity": 1, "new_total": 49}
[2026-03-05 17:27:46] [INFO] [admin] [StockController] Stok girişi yapıldı - {"movement_id": 59, "variant_id": 1, "sku": "DENEME01", "location_id": 1, "location_name": "Mağaza", "quantity": 1, "new_total": 50}
[2026-03-05 17:27:46] [INFO] [admin] [StockController] Stok girişi yapıldı - {"movement_id": 60, "variant_id": 1, "sku": "DENEME01", "location_id": 1, "location_name": "Mağaza", "quantity": 1, "new_total": 51}
[2026-03-05 17:27:47] [INFO] [admin] [StockController] Stok girişi yapıldı - {"movement_id": 61, "variant_id": 1, "sku": "DENEME01", "location_id": 1, "location_name": "Mağaza", "quantity": 1, "new_total": 52}
[2026-03-05 17:27:47] [INFO] [admin] [StockController] Stok girişi yapıldı - {"movement_id": 62, "variant_id": 1, "sku": "DENEME01", "location_id": 1, "location_name": "Mağaza", "quantity": 1, "new_total": 53}
[2026-03-05 17:27:48] [INFO] [admin] [StockController] Stok girişi yapıldı - {"movement_id": 63, "variant_id": 1, "sku": "DENEME01", "location_id": 1, "location_name": "Mağaza", "quantity": 1, "new_total": 54}
[2026-03-05 17:27:48] [INFO] [admin] [StockController] Stok girişi yapıldı - {"movement_id": 64, "variant_id": 1, "sku": "DENEME01", "location_id": 1, "location_name": "Mağaza", "quantity": 1, "new_total": 55}
[2026-03-05 17:27:49] [INFO] [admin] [StockController] Stok girişi yapıldı - {"movement_id": 65, "variant_id": 1, "sku": "DENEME01", "location_id": 1, "location_name": "Mağaza", "quantity": 1, "new_total": 56}
[2026-03-05 17:27:49] [INFO] [admin] [StockController] Stok girişi yapıldı - {"movement_id": 66, "variant_id": 1, "sku": "DENEME01", "location_id": 1, "location_name": "Mağaza", "quantity": 1, "new_total": 57}
[2026-03-05 17:36:24] [INFO] [admin] [AuthController] Giriş başarılı - {"user_id": 1, "employee": "System Admin"}
[2026-03-05 17:36:56] [INFO] [admin] [RolePermissionController] Rol eklendi - {"role_id": 2, "name": "Kasiyer", "permission_count": 0}
[2026-03-05 17:37:52] [INFO] [admin] [RolePermissionController] Rol güncellendi - {"role_id": 2, "updated_fields": ["permission_IDs"]}
[2026-03-05 17:38:03] [INFO] [admin] [EmployeeController] Çalışan eklendi - {"employee_id": 3, "employee_code": "Kasiyer1", "name": "Kasiyer Kasiyer"}
[2026-03-05 17:38:23] [INFO] [admin] [AuthController] Yeni kullanıcı oluşturuldu - {"user_id": 3, "username": "kasiyer01", "employee_id": 3}
[2026-03-05 17:38:27] [INFO] [admin] [AuthController] Çıkış yapıldı
[2026-03-05 17:38:32] [INFO] [kasiyer01] [AuthController] Giriş başarılı - {"user_id": 3, "employee": "Kasiyer Kasiyer"}
[2026-03-05 17:41:21] [INFO] [admin] [AuthController] Giriş başarılı - {"user_id": 1, "employee": "System Admin"}
[2026-03-05 17:43:29] [INFO] [admin] [AuthController] Giriş başarılı - {"user_id": 1, "employee": "System Admin"}
[2026-03-05 17:50:36] [INFO] [mrtslhgcl] [AuthController] Giriş başarılı - {"user_id": 2, "employee": "Murat Salih Güçlü"}
[2026-03-05 17:51:06] [INFO] [mrtslhgcl] [AuthController] Çıkış yapıldı
[2026-03-05 17:53:06] [INFO] [admin] [AuthController] Giriş başarılı - {"user_id": 1, "employee": "System Admin"}
[2026-03-05 17:54:05] [INFO] [admin] [AuthController] Giriş başarılı - {"user_id": 1, "employee": "System Admin"}
[2026-03-05 17:58:42] [INFO] [mrtslhgcl] [AuthController] Giriş başarılı - {"user_id": 2, "employee": "Murat Salih Güçlü"}
[2026-03-05 17:58:59] [INFO] [mrtslhgcl] [StockController] Stok çıkışı yapıldı - {"movement_id": 67, "variant_id": 2, "sku": "DENEME02", "location_id": 1, "location_name": "Mağaza", "quantity": 1, "remaining": 4}
[2026-03-05 17:59:11] [INFO] [mrtslhgcl] [StockController] Stok çıkışı yapıldı - {"movement_id": 68, "variant_id": 2, "sku": "DENEME02", "location_id": 2, "location_name": "Sol Giriş Rafı", "quantity": 1, "remaining": 1}
[2026-03-05 17:59:26] [INFO] [mrtslhgcl] [StockController] Stok çıkışı yapıldı - {"movement_id": 69, "variant_id": 2, "sku": "DENEME02", "location_id": 1, "location_name": "Mağaza", "quantity": 3, "remaining": 1}
[2026-03-05 17:59:41] [INFO] [admin] [AuthController] Giriş başarılı - {"user_id": 1, "employee": "System Admin"}
[2026-03-05 18:00:36] [INFO] [admin] [StockController] Stok çıkışı yapıldı - {"movement_id": 70, "variant_id": 1, "sku": "DENEME01", "location_id": 1, "location_name": "Mağaza", "quantity": 56, "remaining": 1}
[2026-03-05 18:03:39] [INFO] [admin] [OrderController] Ödeme alındı - {"payment_id": 8, "order_id": 6, "method": "cash", "amount": 9500.0}
[2026-03-05 18:03:57] [INFO] [admin] [AuthController] Giriş başarılı - {"user_id": 1, "employee": "System Admin"}
[2026-03-05 18:04:19] [INFO] [admin] [OrderController] Sipariş durumu güncellendi - {"order_id": 6, "old_status": "pending", "new_status": "completed"}
[2026-03-05 18:06:09] [INFO] [admin] [AuthController] Giriş başarılı - {"user_id": 1, "employee": "System Admin"}
[2026-03-05 18:06:42] [INFO] [admin] [AuthController] Giriş başarılı - {"user_id": 1, "employee": "System Admin"}
[2026-03-05 18:07:25] [INFO] [admin] [AuthController] Giriş başarılı - {"user_id": 1, "employee": "System Admin"}
[2026-03-05 18:08:51] [INFO] [admin] [AuthController] Giriş başarılı - {"user_id": 1, "employee": "System Admin"}
[2026-03-05 18:11:08] [INFO] [admin] [AuthController] Giriş başarılı - {"user_id": 1, "employee": "System Admin"}
[2026-03-05 18:11:48] [INFO] [admin] [StockController] Stok çıkışı yapıldı - {"movement_id": 71, "variant_id": 1, "sku": "DENEME01", "location_id": 1, "location_name": "Mağaza", "quantity": 1, "remaining": 0}
[2026-03-05 18:12:26] [INFO] [admin] [RolePermissionController] Rol güncellendi - {"role_id": 2, "updated_fields": ["name", "description"]}
[2026-03-05 18:13:12] [INFO] [admin] [AuthController] Giriş başarılı - {"user_id": 1, "employee": "System Admin"}
[2026-03-05 18:13:57] [INFO] [admin] [AuthController] Giriş başarılı - {"user_id": 1, "employee": "System Admin"}
[2026-03-05 18:17:53] [INFO] [admin] [AuthController] Giriş başarılı - {"user_id": 1, "employee": "System Admin"}
[2026-03-05 18:53:11] [INFO] [admin] [AuthController] Giriş başarılı - {"user_id": 1, "employee": "System Admin"}
[2026-03-05 19:01:54] [INFO] [admin] [AuthController] Giriş başarılı - {"user_id": 1, "employee": "System Admin"}
[2026-03-05 19:07:38] [INFO] [mrtslhgcl] [AuthController] Giriş başarılı - {"user_id": 2, "employee": "Murat Salih Güçlü"}
[2026-03-05 19:09:06] [INFO] [mrtslhgcl] [AuthController] Çıkış yapıldı
[2026-03-05 19:09:09] [INFO] [admin] [AuthController] Giriş başarılı - {"user_id": 1, "employee": "System Admin"}
[2026-03-05 19:12:52] [INFO] [admin] [StockController] Stok girişi yapıldı - {"movement_id": 72, "variant_id": 1, "sku": "DENEME01", "location_id": 1, "location_name": "Mağaza", "quantity": 5, "new_total": 5}
[2026-03-05 19:13:25] [INFO] [admin] [StockController] Stok düzeltmesi yapıldı - {"movement_id": 73, "variant_id": 1, "sku": "DENEME01", "location_id": 1, "location_name": "Mağaza", "old_quantity": 5, "new_quantity": 7, "difference": 2}
[2026-03-05 19:15:36] [INFO] [admin] [StockController] Stok çıkışı yapıldı - {"movement_id": 74, "variant_id": 1, "sku": "DENEME01", "location_id": 1, "location_name": "Mağaza", "quantity": 2, "remaining": 5}
[2026-03-05 19:15:36] [INFO] [admin] [OrderController] Sipariş oluşturuldu - {"order_id": 7, "customer_id": 1, "item_count": 1, "total_amount": 4000.0}
[2026-03-05 19:16:56] [INFO] [admin] [StockController] Stok girişi yapıldı - {"movement_id": 75, "variant_id": 1, "sku": "DENEME01", "location_id": 1, "location_name": "Mağaza", "quantity": 1, "new_total": 6}
[2026-03-05 19:16:56] [INFO] [admin] [OrderController] Sipariş iadesi yapıldı - {"order_id": 7, "refund_price": 1850.0, "total_refund": 1850.0, "reason": "Beğenmedi"}
[2026-03-05 19:17:52] [INFO] [admin] [OrderController] Ödeme alındı - {"payment_id": 9, "order_id": 7, "method": "debit_card", "amount": 1700.0}
[2026-03-05 19:21:20] [INFO] [admin] [EmployeeController] Çalışan güncellendi - {"employee_id": 1, "updated_fields": ["employee_code", "first_name", "last_name", "phone_number", "email", "address", "notes"]}
[2026-03-05 19:29:02] [INFO] [admin] [AuthController] Giriş başarılı - {"user_id": 1, "employee": "System Admin"}
[2026-03-05 19:30:30] [INFO] [admin] [OrderController] Sipariş durumu güncellendi - {"order_id": 7, "old_status": "pending", "new_status": "completed"}
[2026-03-05 20:54:30] [INFO] [mrtslhgcl] [AuthController] Giriş başarılı - {"user_id": 2, "employee": "Murat Salih Güçlü"}
[2026-03-05 20:55:13] [INFO] [mrtslhgcl] [OrderController] Sipariş durumu güncellendi - {"order_id": 7, "old_status": "pending", "new_status": "completed"}
[2026-03-05 20:55:21] [INFO] [mrtslhgcl] [AuthController] Çıkış yapıldı
[2026-03-05 20:55:25] [INFO] [admin] [AuthController] Giriş başarılı - {"user_id": 1, "employee": "System Admin"}
[2026-03-05 20:55:45] [INFO] [admin] [AuthController] Giriş başarılı - {"user_id": 1, "employee": "System Admin"}
[2026-03-05 21:08:10] [INFO] [kasiyer01] [AuthController] Giriş başarılı - {"user_id": 3, "employee": "Kasiyer Kasiyer"}
[2026-03-05 21:08:39] [INFO] [kasiyer01] [EmployeeController] Çalışan pasife alındı - {"employee_id": 1, "name": "System Admin"}
[2026-03-05 21:08:42] [INFO] [kasiyer01] [EmployeeController] Çalışan aktife alındı - {"employee_id": 1, "name": "System Admin"}
[2026-03-05 21:16:11] [INFO] [kasiyer01] [AuthController] Giriş başarılı - {"user_id": 3, "employee": "Kasiyer Kasiyer"}
[2026-03-05 21:16:22] [INFO] [kasiyer01] [AuthController] Çıkış yapıldı
[2026-03-05 21:16:25] [INFO] [admin] [AuthController] Giriş başarılı - {"user_id": 1, "employee": "System Admin"}
[2026-03-05 21:16:51] [INFO] [admin] [AuthController] Giriş başarılı - {"user_id": 1, "employee": "System Admin"}
[2026-03-05 21:17:01] [INFO] [admin] [RolePermissionController] Rol güncellendi - {"role_id": 2, "updated_fields": ["permission_IDs"]}
[2026-03-05 21:17:03] [INFO] [admin] [AuthController] Çıkış yapıldı
[2026-03-05 21:17:08] [INFO] [kasiyer01] [AuthController] Giriş başarılı - {"user_id": 3, "employee": "Kasiyer Kasiyer"}
[2026-03-05 21:19:19] [INFO] [admin] [AuthController] Giriş başarılı - {"user_id": 1, "employee": "System Admin"}
[2026-03-05 21:23:57] [INFO] [admin] [AuthController] Giriş başarılı - {"user_id": 1, "employee": "System Admin"}
[2026-03-05 21:31:06] [INFO] [admin] [AuthController] Giriş başarılı - {"user_id": 1, "employee": "System Admin"}
[2026-03-05 22:27:17] [INFO] [admin] [AuthController] Giriş başarılı - {"user_id": 1, "employee": "System Admin"}
[2026-03-05 22:27:34] [INFO] [admin] [ProductController] Ürün resmi eklendi - {"product_id": 1, "variant_id": 1, "image_path": "products/product_1_1772738854146.png"}
[2026-03-05 23:48:13] [INFO] [admin] [AuthController] Giriş başarılı - {"user_id": 1, "employee": "System Admin"}
[2026-03-05 23:48:20] [INFO] [admin] [ProductController] Ürün resmi silindi - {"image_id": 5, "product_id": 1, "variant_id": null}
[2026-03-05 23:48:21] [INFO] [admin] [ProductController] Ürün resmi silindi - {"image_id": 7, "product_id": 1, "variant_id": 1}
[2026-03-05 23:48:22] [INFO] [admin] [ProductController] Ürün resmi silindi - {"image_id": 8, "product_id": 1, "variant_id": 1}
[2026-03-05 23:48:25] [INFO] [admin] [ProductController] Ürün güncellendi - {"product_id": 1, "updated_fields": ["name", "description", "sale_unit", "brand_ID", "supplier_ID", "is_active", "main_category_ID", "extra_category_IDs"]}
