[2026-02-25 13:58:36] [INFO] [admin] [AuthController] Giriş başarılı - {"user_id": 1, "employee": "System Admin"}
[2026-02-25 14:02:38] [INFO] [admin] [AuthController] Giriş başarılı - {"user_id": 1, "employee": "System Admin"}
[2026-02-25 14:05:21] [INFO] [admin] [AuthController] Giriş başarılı - {"user_id": 1, "employee": "System Admin"}
[2026-02-25 14:05:37] [INFO] [admin] [CategoryController] Kategori eklendi - {"category_id": 1, "name": "dsasadsd", "parent_id": null}
[2026-02-25 14:10:18] [INFO] [admin] [AuthController] Giriş başarılı - {"user_id": 1, "employee": "System Admin"}
[2026-02-25 14:14:10] [INFO] [admin] [AuthController] Giriş başarılı - {"user_id": 1, "employee": "System Admin"}
[2026-02-25 14:14:45] [INFO] [admin] [AuthController] Giriş başarılı - {"user_id": 1, "employee": "System Admin"}
[2026-02-25 14:19:21] [INFO] [admin] [AuthController] Giriş başarılı - {"user_id": 1, "employee": "System Admin"}
[2026-02-25 14:19:27] [INFO] [admin] [VariantTypeController] Varyant tipi eklendi - {"type_id": 1, "name": "Renk"}
[2026-02-25 14:19:32] [INFO] [admin] [VariantTypeController] Varyant değeri eklendi - {"value_id": 1, "type_id": 1, "value": "Kırmızı"}
[2026-02-25 14:19:38] [INFO] [admin] [VariantTypeController] Varyant tipi eklendi - {"type_id": 2, "name": "Beden"}
[2026-02-25 14:19:43] [INFO] [admin] [VariantTypeController] Varyant değeri eklendi - {"value_id": 2, "type_id": 2, "value": "XL"}
[2026-02-25 14:39:13] [INFO] [admin] [AuthController] Giriş başarılı - {"user_id": 1, "employee": "System Admin"}
[2026-02-25 14:39:25] [INFO] [admin] [VariantTypeController] Varyant tipi eklendi - {"type_id": 1, "name": "Renk"}
[2026-02-25 14:39:28] [INFO] [admin] [VariantTypeController] Varyant tipi eklendi - {"type_id": 2, "name": "Beden"}
[2026-02-25 14:39:33] [INFO] [admin] [VariantTypeController] Varyant değeri eklendi - {"value_id": 1, "type_id": 1, "value": "Kırmızı"}
[2026-02-25 14:39:40] [INFO] [admin] [VariantTypeController] Varyant değeri eklendi - {"value_id": 2, "type_id": 2, "value": "XL"}
[2026-02-25 14:39:48] [INFO] [admin] [LocationController] Lokasyon eklendi - {"location_id": 1, "name": "Hiandco Collective Mağaza", "parent_id": null}
[2026-02-25 14:39:59] [INFO] [admin] [LocationController] Lokasyon eklendi - {"location_id": 2, "name": "Kapı Giriş Rafları", "parent_id": 1}
[2026-02-25 14:40:10] [INFO] [admin] [LocationController] Lokasyon eklendi - {"location_id": 3, "name": "1.Raf", "parent_id": 2}
[2026-02-25 14:40:15] [INFO] [admin] [LocationController] Lokasyon eklendi - {"location_id": 4, "name": "2.Raf", "parent_id": 2}
[2026-02-25 14:40:19] [INFO] [admin] [LocationController] Lokasyon eklendi - {"location_id": 5, "name": "3.Raf", "parent_id": 2}
[2026-02-25 14:40:23] [INFO] [admin] [LocationController] Lokasyon eklendi - {"location_id": 6, "name": "4.Raf", "parent_id": 2}
[2026-02-25 14:40:30] [INFO] [admin] [LocationController] Lokasyon eklendi - {"location_id": 7, "name": "1A", "parent_id": 3}
[2026-02-25 14:40:35] [INFO] [admin] [LocationController] Lokasyon eklendi - {"location_id": 8, "name": "1B", "parent_id": 3}
[2026-02-25 14:40:39] [INFO] [admin] [LocationController] Lokasyon eklendi - {"location_id": 9, "name": "1C", "parent_id": 3}
[2026-02-25 14:52:39] [INFO] [admin] [AuthController] Giriş başarılı - {"user_id": 1, "employee": "System Admin"}
[2026-02-25 15:05:28] [INFO] [admin] [AuthController] Giriş başarılı - {"user_id": 1, "employee": "System Admin"}
[2026-02-25 15:07:11] [INFO] [admin] [AuthController] Giriş başarılı - {"user_id": 1, "employee": "System Admin"}
[2026-02-25 15:08:13] [INFO] [admin] [AuthController] Giriş başarılı - {"user_id": 1, "employee": "System Admin"}
[2026-02-25 15:08:35] [INFO] [admin] [AuthController] Giriş başarılı - {"user_id": 1, "employee": "System Admin"}
